Flow report for 385_ps2_keyboard
Wed May 04 14:42:06 2016
Quartus II 64-Bit Version 15.0.0 Build 145 04/22/2015 SJ Full Version


---------------------
; Table of Contents ;
---------------------
  1. Legal Notice
  2. Flow Summary
  3. Flow Settings
  4. Flow Non-Default Global Settings
  5. Flow Elapsed Time
  6. Flow OS Summary
  7. Flow Log
  8. Flow Messages
  9. Flow Suppressed Messages



----------------
; Legal Notice ;
----------------
Copyright (C) 1991-2015 Altera Corporation. All rights reserved.
Your use of Altera Corporation's design tools, logic functions 
and other software and tools, and its AMPP partner logic 
functions, and any output files from any of the foregoing 
(including device programming or simulation files), and any 
associated documentation or information are expressly subject 
to the terms and conditions of the Altera Program License 
Subscription Agreement, the Altera Quartus II License Agreement,
the Altera MegaCore Function License Agreement, or other 
applicable license agreement, including, without limitation, 
that your use is for the sole purpose of programming logic 
devices manufactured by Altera and sold by Altera or its 
authorized distributors.  Please refer to the applicable 
agreement for further details.



+----------------------------------------------------------------------------------+
; Flow Summary                                                                     ;
+------------------------------------+---------------------------------------------+
; Flow Status                        ; Successful - Wed May 04 14:42:06 2016       ;
; Quartus II 64-Bit Version          ; 15.0.0 Build 145 04/22/2015 SJ Full Version ;
; Revision Name                      ; 385_ps2_keyboard                            ;
; Top-level Entity Name              ; ps2keyboard                                 ;
; Family                             ; Cyclone IV E                                ;
; Device                             ; EP4CE115F29C7                               ;
; Timing Models                      ; Final                                       ;
; Total logic elements               ; 125 / 114,480 ( < 1 % )                     ;
;     Total combinational functions  ; 110 / 114,480 ( < 1 % )                     ;
;     Dedicated logic registers      ; 80 / 114,480 ( < 1 % )                      ;
; Total registers                    ; 80                                          ;
; Total pins                         ; 19 / 529 ( 4 % )                            ;
; Total virtual pins                 ; 0                                           ;
; Total memory bits                  ; 0 / 3,981,312 ( 0 % )                       ;
; Embedded Multiplier 9-bit elements ; 0 / 532 ( 0 % )                             ;
; Total PLLs                         ; 0 / 4 ( 0 % )                               ;
+------------------------------------+---------------------------------------------+


+-----------------------------------------+
; Flow Settings                           ;
+-------------------+---------------------+
; Option            ; Setting             ;
+-------------------+---------------------+
; Start date & time ; 05/04/2016 14:41:05 ;
; Main task         ; Compilation         ;
; Revision Name     ; 385_ps2_keyboard    ;
+-------------------+---------------------+


+-------------------------------------------------------------------------------------------------------------------------------+
; Flow Non-Default Global Settings                                                                                              ;
+-------------------------------------+---------------------------------------+------------------+-------------+----------------+
; Assignment Name                     ; Value                                 ; Default Value    ; Entity Name ; Section Id     ;
+-------------------------------------+---------------------------------------+------------------+-------------+----------------+
; COMPILER_SIGNATURE_ID               ; 71094330539532.146239086401944        ; --               ; --          ; --             ;
; EDA_OUTPUT_DATA_FORMAT              ; Systemverilog Hdl                     ; --               ; --          ; eda_simulation ;
; EDA_SIMULATION_TOOL                 ; ModelSim-Altera (SystemVerilog)       ; <None>           ; --          ; --             ;
; MAX_CORE_JUNCTION_TEMP              ; 85                                    ; --               ; --          ; --             ;
; MIN_CORE_JUNCTION_TEMP              ; 0                                     ; --               ; --          ; --             ;
; NOMINAL_CORE_SUPPLY_VOLTAGE         ; 1.2V                                  ; --               ; --          ; --             ;
; PARTITION_COLOR                     ; 16764057                              ; --               ; ps2keyboard ; Top            ;
; PARTITION_FITTER_PRESERVATION_LEVEL ; PLACEMENT_AND_ROUTING                 ; --               ; ps2keyboard ; Top            ;
; PARTITION_NETLIST_TYPE              ; SOURCE                                ; --               ; ps2keyboard ; Top            ;
; POWER_BOARD_THERMAL_MODEL           ; None (CONSERVATIVE)                   ; --               ; --          ; --             ;
; POWER_PRESET_COOLING_SOLUTION       ; 23 MM HEAT SINK WITH 200 LFPM AIRFLOW ; --               ; --          ; --             ;
; PROJECT_OUTPUT_DIRECTORY            ; output_files                          ; --               ; --          ; --             ;
; TOP_LEVEL_ENTITY                    ; ps2keyboard                           ; 385_ps2_keyboard ; --          ; --             ;
+-------------------------------------+---------------------------------------+------------------+-------------+----------------+


+-------------------------------------------------------------------------------------------------------------------------------+
; Flow Elapsed Time                                                                                                             ;
+---------------------------+--------------+-------------------------+---------------------+------------------------------------+
; Module Name               ; Elapsed Time ; Average Processors Used ; Peak Virtual Memory ; Total CPU Time (on all processors) ;
+---------------------------+--------------+-------------------------+---------------------+------------------------------------+
; Analysis & Synthesis      ; 00:00:09     ; 1.0                     ; 692 MB              ; 00:00:20                           ;
; Fitter                    ; 00:00:21     ; 1.5                     ; 1594 MB             ; 00:00:20                           ;
; Assembler                 ; 00:00:06     ; 1.0                     ; 610 MB              ; 00:00:04                           ;
; TimeQuest Timing Analyzer ; 00:00:09     ; 1.0                     ; 788 MB              ; 00:00:02                           ;
; EDA Netlist Writer        ; 00:00:01     ; 1.0                     ; 581 MB              ; 00:00:01                           ;
; Total                     ; 00:00:46     ; --                      ; --                  ; 00:00:47                           ;
+---------------------------+--------------+-------------------------+---------------------+------------------------------------+


+----------------------------------------------------------------------------------------+
; Flow OS Summary                                                                        ;
+---------------------------+------------------+-----------+------------+----------------+
; Module Name               ; Machine Hostname ; OS Name   ; OS Version ; Processor type ;
+---------------------------+------------------+-----------+------------+----------------+
; Analysis & Synthesis      ; ECEB-3022-10     ; Windows 7 ; 6.1        ; x86_64         ;
; Fitter                    ; ECEB-3022-10     ; Windows 7 ; 6.1        ; x86_64         ;
; Assembler                 ; ECEB-3022-10     ; Windows 7 ; 6.1        ; x86_64         ;
; TimeQuest Timing Analyzer ; ECEB-3022-10     ; Windows 7 ; 6.1        ; x86_64         ;
; EDA Netlist Writer        ; ECEB-3022-10     ; Windows 7 ; 6.1        ; x86_64         ;
+---------------------------+------------------+-----------+------------+----------------+


------------
; Flow Log ;
------------
quartus_map --read_settings_files=on --write_settings_files=off 385_ps2_keyboard -c 385_ps2_keyboard
quartus_fit --read_settings_files=off --write_settings_files=off 385_ps2_keyboard -c 385_ps2_keyboard
quartus_asm --read_settings_files=off --write_settings_files=off 385_ps2_keyboard -c 385_ps2_keyboard
quartus_sta 385_ps2_keyboard -c 385_ps2_keyboard
quartus_eda --read_settings_files=off --write_settings_files=off 385_ps2_keyboard -c 385_ps2_keyboard



